<?xml version="1.0" encoding="UTF-8"?>
<coverage generated="1640725350029" clover="3.2.0">
  <project timestamp="1640725350030" name="All files">
    <metrics statements="73" coveredstatements="72" conditionals="56" coveredconditionals="54" methods="4" coveredmethods="4" elements="133" coveredelements="130" complexity="0" loc="73" ncloc="73" packages="3" files="4" classes="4"/>
    <package name="controllers">
      <metrics statements="54" coveredstatements="54" conditionals="44" coveredconditionals="42" methods="2" coveredmethods="2"/>
      <file name="findDentalClinics.js" path="C:\Users\GoodyBag\Git\scratchPay-clinic-search\controllers\findDentalClinics.js">
        <metrics statements="27" coveredstatements="27" conditionals="22" coveredconditionals="21" methods="1" coveredmethods="1"/>
        <line num="11" count="1" type="stmt"/>
        <line num="12" count="1" type="stmt"/>
        <line num="14" count="1" type="stmt"/>
        <line num="15" count="6" type="stmt"/>
        <line num="19" count="6" type="cond" truecount="1" falsecount="1"/>
        <line num="21" count="6" type="cond" truecount="2" falsecount="0"/>
        <line num="22" count="4" type="stmt"/>
        <line num="24" count="6" type="stmt"/>
        <line num="25" count="6" type="stmt"/>
        <line num="27" count="6" type="stmt"/>
        <line num="29" count="60" type="stmt"/>
        <line num="30" count="60" type="stmt"/>
        <line num="31" count="60" type="stmt"/>
        <line num="32" count="60" type="stmt"/>
        <line num="33" count="60" type="stmt"/>
        <line num="36" count="60" type="stmt"/>
        <line num="37" count="60" type="stmt"/>
        <line num="39" count="60" type="cond" truecount="4" falsecount="0"/>
        <line num="40" count="37" type="stmt"/>
        <line num="45" count="60" type="cond" truecount="2" falsecount="0"/>
        <line num="49" count="40" type="stmt"/>
        <line num="54" count="60" type="cond" truecount="2" falsecount="0"/>
        <line num="59" count="6" type="stmt"/>
        <line num="61" count="60" type="cond" truecount="5" falsecount="0"/>
        <line num="62" count="7" type="stmt"/>
        <line num="66" count="6" type="stmt"/>
        <line num="69" count="1" type="stmt"/>
      </file>
      <file name="findVetClinics.js" path="C:\Users\GoodyBag\Git\scratchPay-clinic-search\controllers\findVetClinics.js">
        <metrics statements="27" coveredstatements="27" conditionals="22" coveredconditionals="21" methods="1" coveredmethods="1"/>
        <line num="11" count="1" type="stmt"/>
        <line num="12" count="1" type="stmt"/>
        <line num="14" count="1" type="stmt"/>
        <line num="15" count="6" type="stmt"/>
        <line num="19" count="6" type="cond" truecount="1" falsecount="1"/>
        <line num="21" count="6" type="stmt"/>
        <line num="22" count="6" type="stmt"/>
        <line num="24" count="6" type="cond" truecount="2" falsecount="0"/>
        <line num="25" count="3" type="stmt"/>
        <line num="27" count="6" type="stmt"/>
        <line num="28" count="30" type="stmt"/>
        <line num="29" count="30" type="stmt"/>
        <line num="30" count="30" type="stmt"/>
        <line num="31" count="30" type="stmt"/>
        <line num="32" count="30" type="stmt"/>
        <line num="35" count="30" type="stmt"/>
        <line num="36" count="30" type="stmt"/>
        <line num="38" count="30" type="cond" truecount="4" falsecount="0"/>
        <line num="39" count="19" type="stmt"/>
        <line num="42" count="30" type="cond" truecount="2" falsecount="0"/>
        <line num="46" count="15" type="stmt"/>
        <line num="50" count="30" type="cond" truecount="2" falsecount="0"/>
        <line num="55" count="9" type="stmt"/>
        <line num="57" count="30" type="cond" truecount="5" falsecount="0"/>
        <line num="58" count="5" type="stmt"/>
        <line num="61" count="6" type="stmt"/>
        <line num="64" count="1" type="stmt"/>
      </file>
    </package>
    <package name="controllers.utils">
      <metrics statements="12" coveredstatements="12" conditionals="12" coveredconditionals="12" methods="1" coveredmethods="1"/>
      <file name="convertTime.js" path="C:\Users\GoodyBag\Git\scratchPay-clinic-search\controllers\utils\convertTime.js">
        <metrics statements="12" coveredstatements="12" conditionals="12" coveredconditionals="12" methods="1" coveredmethods="1"/>
        <line num="10" count="1" type="stmt"/>
        <line num="11" count="201" type="cond" truecount="4" falsecount="0"/>
        <line num="13" count="199" type="stmt"/>
        <line num="14" count="199" type="cond" truecount="2" falsecount="0"/>
        <line num="15" count="193" type="stmt"/>
        <line num="16" count="193" type="stmt"/>
        <line num="18" count="193" type="cond" truecount="2" falsecount="0"/>
        <line num="19" count="6" type="cond" truecount="2" falsecount="0"/>
        <line num="20" count="4" type="stmt"/>
        <line num="22" count="4" type="cond" truecount="2" falsecount="0"/>
        <line num="23" count="2" type="stmt"/>
        <line num="26" count="1" type="stmt"/>
      </file>
    </package>
    <package name="model">
      <metrics statements="7" coveredstatements="6" conditionals="0" coveredconditionals="0" methods="1" coveredmethods="1"/>
      <file name="getClinics.js" path="C:\Users\GoodyBag\Git\scratchPay-clinic-search\model\getClinics.js">
        <metrics statements="7" coveredstatements="6" conditionals="0" coveredconditionals="0" methods="1" coveredmethods="1"/>
        <line num="8" count="1" type="stmt"/>
        <line num="10" count="1" type="stmt"/>
        <line num="11" count="12" type="stmt"/>
        <line num="12" count="12" type="stmt"/>
        <line num="13" count="12" type="stmt"/>
        <line num="15" count="0" type="stmt"/>
        <line num="19" count="1" type="stmt"/>
      </file>
    </package>
  </project>
</coverage>
