{"C:\\Users\\GoodyBag\\Git\\scratchPay-clinic-search\\controllers\\findDentalClinics.js": {"path":"C:\\Users\\GoodyBag\\Git\\scratchPay-clinic-search\\controllers\\findDentalClinics.js","statementMap":{"0":{"start":{"line":11,"column":19},"end":{"line":11,"column":49}},"1":{"start":{"line":12,"column":15},"end":{"line":12,"column":45}},"2":{"start":{"line":14,"column":26},"end":{"line":67,"column":1}},"3":{"start":{"line":15,"column":26},"end":{"line":17,"column":2}},"4":{"start":{"line":19,"column":1},"end":{"line":19,"column":29}},"5":{"start":{"line":19,"column":12},"end":{"line":19,"column":29}},"6":{"start":{"line":21,"column":1},"end":{"line":22,"column":57}},"7":{"start":{"line":22,"column":2},"end":{"line":22,"column":57}},"8":{"start":{"line":24,"column":24},"end":{"line":24,"column":55}},"9":{"start":{"line":25,"column":25},"end":{"line":25,"column":27}},"10":{"start":{"line":27,"column":1},"end":{"line":64,"column":2}},"11":{"start":{"line":29,"column":20},"end":{"line":29,"column":24}},"12":{"start":{"line":30,"column":18},"end":{"line":30,"column":22}},"13":{"start":{"line":31,"column":17},"end":{"line":31,"column":21}},"14":{"start":{"line":32,"column":17},"end":{"line":32,"column":53}},"15":{"start":{"line":33,"column":17},"end":{"line":33,"column":51}},"16":{"start":{"line":36,"column":21},"end":{"line":36,"column":55}},"17":{"start":{"line":37,"column":13},"end":{"line":37,"column":40}},"18":{"start":{"line":39,"column":2},"end":{"line":41,"column":3}},"19":{"start":{"line":40,"column":3},"end":{"line":40,"column":23}},"20":{"start":{"line":45,"column":2},"end":{"line":50,"column":3}},"21":{"start":{"line":49,"column":3},"end":{"line":49,"column":24}},"22":{"start":{"line":54,"column":2},"end":{"line":59,"column":23}},"23":{"start":{"line":59,"column":3},"end":{"line":59,"column":23}},"24":{"start":{"line":61,"column":2},"end":{"line":63,"column":3}},"25":{"start":{"line":62,"column":3},"end":{"line":62,"column":36}},"26":{"start":{"line":66,"column":1},"end":{"line":66,"column":33}},"27":{"start":{"line":69,"column":0},"end":{"line":69,"column":35}}},"fnMap":{"0":{"name":"(anonymous_0)","decl":{"start":{"line":14,"column":26},"end":{"line":14,"column":27}},"loc":{"start":{"line":14,"column":52},"end":{"line":67,"column":1}},"line":14}},"branchMap":{"0":{"loc":{"start":{"line":19,"column":1},"end":{"line":19,"column":29}},"type":"if","locations":[{"start":{"line":19,"column":1},"end":{"line":19,"column":29}},{"start":{},"end":{}}],"line":19},"1":{"loc":{"start":{"line":21,"column":1},"end":{"line":22,"column":57}},"type":"if","locations":[{"start":{"line":21,"column":1},"end":{"line":22,"column":57}},{"start":{},"end":{}}],"line":21},"2":{"loc":{"start":{"line":39,"column":2},"end":{"line":41,"column":3}},"type":"if","locations":[{"start":{"line":39,"column":2},"end":{"line":41,"column":3}},{"start":{},"end":{}}],"line":39},"3":{"loc":{"start":{"line":39,"column":6},"end":{"line":39,"column":60}},"type":"binary-expr","locations":[{"start":{"line":39,"column":6},"end":{"line":39,"column":31}},{"start":{"line":39,"column":35},"end":{"line":39,"column":60}}],"line":39},"4":{"loc":{"start":{"line":45,"column":2},"end":{"line":50,"column":3}},"type":"if","locations":[{"start":{"line":45,"column":2},"end":{"line":50,"column":3}},{"start":{},"end":{}}],"line":45},"5":{"loc":{"start":{"line":46,"column":3},"end":{"line":47,"column":50}},"type":"binary-expr","locations":[{"start":{"line":46,"column":3},"end":{"line":46,"column":23}},{"start":{"line":47,"column":3},"end":{"line":47,"column":50}}],"line":46},"6":{"loc":{"start":{"line":54,"column":2},"end":{"line":59,"column":23}},"type":"if","locations":[{"start":{"line":54,"column":2},"end":{"line":59,"column":23}},{"start":{},"end":{}}],"line":54},"7":{"loc":{"start":{"line":55,"column":3},"end":{"line":57,"column":39}},"type":"binary-expr","locations":[{"start":{"line":55,"column":3},"end":{"line":55,"column":22}},{"start":{"line":56,"column":4},"end":{"line":56,"column":37}},{"start":{"line":57,"column":4},"end":{"line":57,"column":38}}],"line":55},"8":{"loc":{"start":{"line":61,"column":2},"end":{"line":63,"column":3}},"type":"if","locations":[{"start":{"line":61,"column":2},"end":{"line":63,"column":3}},{"start":{},"end":{}}],"line":61},"9":{"loc":{"start":{"line":61,"column":6},"end":{"line":61,"column":48}},"type":"binary-expr","locations":[{"start":{"line":61,"column":6},"end":{"line":61,"column":17}},{"start":{"line":61,"column":21},"end":{"line":61,"column":33}},{"start":{"line":61,"column":37},"end":{"line":61,"column":48}}],"line":61}},"s":{"0":1,"1":1,"2":1,"3":6,"4":6,"5":0,"6":6,"7":4,"8":6,"9":6,"10":6,"11":60,"12":60,"13":60,"14":60,"15":60,"16":60,"17":60,"18":60,"19":37,"20":60,"21":40,"22":60,"23":6,"24":60,"25":7,"26":6,"27":1},"f":{"0":6},"b":{"0":[0,6],"1":[4,2],"2":[37,23],"3":[60,40],"4":[40,20],"5":[60,50],"6":[6,54],"7":[60,40,34],"8":[7,53],"9":[60,54,15]},"_coverageSchema":"1a1c01bbd47fc00a2c39e90264f33305004495a9","hash":"2befa41fc30e796cdea6d47b94de7d5f61bf054d"}
,"C:\\Users\\GoodyBag\\Git\\scratchPay-clinic-search\\controllers\\findVetClinics.js": {"path":"C:\\Users\\GoodyBag\\Git\\scratchPay-clinic-search\\controllers\\findVetClinics.js","statementMap":{"0":{"start":{"line":11,"column":19},"end":{"line":11,"column":49}},"1":{"start":{"line":12,"column":15},"end":{"line":12,"column":45}},"2":{"start":{"line":14,"column":23},"end":{"line":62,"column":1}},"3":{"start":{"line":15,"column":28},"end":{"line":17,"column":2}},"4":{"start":{"line":19,"column":1},"end":{"line":19,"column":29}},"5":{"start":{"line":19,"column":12},"end":{"line":19,"column":29}},"6":{"start":{"line":21,"column":21},"end":{"line":21,"column":52}},"7":{"start":{"line":22,"column":22},"end":{"line":22,"column":24}},"8":{"start":{"line":24,"column":1},"end":{"line":25,"column":57}},"9":{"start":{"line":25,"column":2},"end":{"line":25,"column":57}},"10":{"start":{"line":27,"column":1},"end":{"line":60,"column":2}},"11":{"start":{"line":28,"column":20},"end":{"line":28,"column":24}},"12":{"start":{"line":29,"column":18},"end":{"line":29,"column":22}},"13":{"start":{"line":30,"column":17},"end":{"line":30,"column":21}},"14":{"start":{"line":31,"column":17},"end":{"line":31,"column":49}},"15":{"start":{"line":32,"column":17},"end":{"line":32,"column":47}},"16":{"start":{"line":35,"column":21},"end":{"line":35,"column":55}},"17":{"start":{"line":36,"column":13},"end":{"line":36,"column":40}},"18":{"start":{"line":38,"column":2},"end":{"line":39,"column":23}},"19":{"start":{"line":39,"column":3},"end":{"line":39,"column":23}},"20":{"start":{"line":42,"column":2},"end":{"line":46,"column":24}},"21":{"start":{"line":46,"column":3},"end":{"line":46,"column":24}},"22":{"start":{"line":50,"column":2},"end":{"line":55,"column":23}},"23":{"start":{"line":55,"column":3},"end":{"line":55,"column":23}},"24":{"start":{"line":57,"column":2},"end":{"line":59,"column":3}},"25":{"start":{"line":58,"column":3},"end":{"line":58,"column":34}},"26":{"start":{"line":61,"column":1},"end":{"line":61,"column":30}},"27":{"start":{"line":64,"column":0},"end":{"line":64,"column":32}}},"fnMap":{"0":{"name":"(anonymous_0)","decl":{"start":{"line":14,"column":23},"end":{"line":14,"column":24}},"loc":{"start":{"line":14,"column":49},"end":{"line":62,"column":1}},"line":14}},"branchMap":{"0":{"loc":{"start":{"line":19,"column":1},"end":{"line":19,"column":29}},"type":"if","locations":[{"start":{"line":19,"column":1},"end":{"line":19,"column":29}},{"start":{},"end":{}}],"line":19},"1":{"loc":{"start":{"line":24,"column":1},"end":{"line":25,"column":57}},"type":"if","locations":[{"start":{"line":24,"column":1},"end":{"line":25,"column":57}},{"start":{},"end":{}}],"line":24},"2":{"loc":{"start":{"line":38,"column":2},"end":{"line":39,"column":23}},"type":"if","locations":[{"start":{"line":38,"column":2},"end":{"line":39,"column":23}},{"start":{},"end":{}}],"line":38},"3":{"loc":{"start":{"line":38,"column":6},"end":{"line":38,"column":67}},"type":"binary-expr","locations":[{"start":{"line":38,"column":6},"end":{"line":38,"column":31}},{"start":{"line":38,"column":35},"end":{"line":38,"column":67}}],"line":38},"4":{"loc":{"start":{"line":42,"column":2},"end":{"line":46,"column":24}},"type":"if","locations":[{"start":{"line":42,"column":2},"end":{"line":46,"column":24}},{"start":{},"end":{}}],"line":42},"5":{"loc":{"start":{"line":43,"column":3},"end":{"line":44,"column":51}},"type":"binary-expr","locations":[{"start":{"line":43,"column":3},"end":{"line":43,"column":23}},{"start":{"line":44,"column":3},"end":{"line":44,"column":51}}],"line":43},"6":{"loc":{"start":{"line":50,"column":2},"end":{"line":55,"column":23}},"type":"if","locations":[{"start":{"line":50,"column":2},"end":{"line":55,"column":23}},{"start":{},"end":{}}],"line":50},"7":{"loc":{"start":{"line":51,"column":3},"end":{"line":53,"column":39}},"type":"binary-expr","locations":[{"start":{"line":51,"column":3},"end":{"line":51,"column":22}},{"start":{"line":52,"column":4},"end":{"line":52,"column":37}},{"start":{"line":53,"column":4},"end":{"line":53,"column":38}}],"line":51},"8":{"loc":{"start":{"line":57,"column":2},"end":{"line":59,"column":3}},"type":"if","locations":[{"start":{"line":57,"column":2},"end":{"line":59,"column":3}},{"start":{},"end":{}}],"line":57},"9":{"loc":{"start":{"line":57,"column":6},"end":{"line":57,"column":48}},"type":"binary-expr","locations":[{"start":{"line":57,"column":6},"end":{"line":57,"column":17}},{"start":{"line":57,"column":21},"end":{"line":57,"column":33}},{"start":{"line":57,"column":37},"end":{"line":57,"column":48}}],"line":57}},"s":{"0":1,"1":1,"2":1,"3":6,"4":6,"5":0,"6":6,"7":6,"8":6,"9":3,"10":6,"11":30,"12":30,"13":30,"14":30,"15":30,"16":30,"17":30,"18":30,"19":19,"20":30,"21":15,"22":30,"23":9,"24":30,"25":5,"26":6,"27":1},"f":{"0":6},"b":{"0":[0,6],"1":[3,3],"2":[19,11],"3":[30,25],"4":[15,15],"5":[30,20],"6":[9,21],"7":[30,15,6],"8":[5,25],"9":[30,21,10]},"_coverageSchema":"1a1c01bbd47fc00a2c39e90264f33305004495a9","hash":"4b766dd879662f721717287bbebbb07e8cbf2238"}
,"C:\\Users\\GoodyBag\\Git\\scratchPay-clinic-search\\controllers\\utils\\convertTime.js": {"path":"C:\\Users\\GoodyBag\\Git\\scratchPay-clinic-search\\controllers\\utils\\convertTime.js","statementMap":{"0":{"start":{"line":10,"column":22},"end":{"line":24,"column":1}},"1":{"start":{"line":11,"column":1},"end":{"line":11,"column":64}},"2":{"start":{"line":11,"column":52},"end":{"line":11,"column":64}},"3":{"start":{"line":13,"column":21},"end":{"line":13,"column":42}},"4":{"start":{"line":14,"column":1},"end":{"line":23,"column":20}},"5":{"start":{"line":15,"column":13},"end":{"line":15,"column":39}},"6":{"start":{"line":16,"column":10},"end":{"line":16,"column":36}},"7":{"start":{"line":18,"column":2},"end":{"line":18,"column":54}},"8":{"start":{"line":19,"column":8},"end":{"line":23,"column":20}},"9":{"start":{"line":20,"column":13},"end":{"line":20,"column":39}},"10":{"start":{"line":22,"column":2},"end":{"line":22,"column":40}},"11":{"start":{"line":23,"column":8},"end":{"line":23,"column":20}},"12":{"start":{"line":26,"column":0},"end":{"line":26,"column":31}}},"fnMap":{"0":{"name":"(anonymous_0)","decl":{"start":{"line":10,"column":22},"end":{"line":10,"column":23}},"loc":{"start":{"line":10,"column":38},"end":{"line":24,"column":1}},"line":10}},"branchMap":{"0":{"loc":{"start":{"line":11,"column":1},"end":{"line":11,"column":64}},"type":"if","locations":[{"start":{"line":11,"column":1},"end":{"line":11,"column":64}},{"start":{},"end":{}}],"line":11},"1":{"loc":{"start":{"line":11,"column":5},"end":{"line":11,"column":50}},"type":"binary-expr","locations":[{"start":{"line":11,"column":5},"end":{"line":11,"column":16}},{"start":{"line":11,"column":20},"end":{"line":11,"column":50}}],"line":11},"2":{"loc":{"start":{"line":14,"column":1},"end":{"line":23,"column":20}},"type":"if","locations":[{"start":{"line":14,"column":1},"end":{"line":23,"column":20}},{"start":{"line":19,"column":8},"end":{"line":23,"column":20}}],"line":14},"3":{"loc":{"start":{"line":18,"column":9},"end":{"line":18,"column":53}},"type":"cond-expr","locations":[{"start":{"line":18,"column":30},"end":{"line":18,"column":34}},{"start":{"line":18,"column":37},"end":{"line":18,"column":53}}],"line":18},"4":{"loc":{"start":{"line":19,"column":8},"end":{"line":23,"column":20}},"type":"if","locations":[{"start":{"line":19,"column":8},"end":{"line":23,"column":20}},{"start":{"line":23,"column":8},"end":{"line":23,"column":20}}],"line":19},"5":{"loc":{"start":{"line":22,"column":9},"end":{"line":22,"column":39}},"type":"cond-expr","locations":[{"start":{"line":22,"column":23},"end":{"line":22,"column":27}},{"start":{"line":22,"column":30},"end":{"line":22,"column":39}}],"line":22}},"s":{"0":1,"1":201,"2":2,"3":199,"4":199,"5":193,"6":193,"7":193,"8":6,"9":4,"10":4,"11":2,"12":1},"f":{"0":201},"b":{"0":[2,199],"1":[201,200],"2":[193,6],"3":[4,189],"4":[4,2],"5":[3,1]},"_coverageSchema":"1a1c01bbd47fc00a2c39e90264f33305004495a9","hash":"eeef5b5106083ea66ff2f18354c3a25e01b04642"}
,"C:\\Users\\GoodyBag\\Git\\scratchPay-clinic-search\\model\\getClinics.js": {"path":"C:\\Users\\GoodyBag\\Git\\scratchPay-clinic-search\\model\\getClinics.js","statementMap":{"0":{"start":{"line":8,"column":14},"end":{"line":8,"column":30}},"1":{"start":{"line":10,"column":19},"end":{"line":17,"column":1}},"2":{"start":{"line":11,"column":1},"end":{"line":16,"column":2}},"3":{"start":{"line":12,"column":19},"end":{"line":12,"column":39}},"4":{"start":{"line":13,"column":2},"end":{"line":13,"column":36}},"5":{"start":{"line":15,"column":2},"end":{"line":15,"column":19}},"6":{"start":{"line":19,"column":0},"end":{"line":19,"column":28}}},"fnMap":{"0":{"name":"(anonymous_0)","decl":{"start":{"line":10,"column":19},"end":{"line":10,"column":20}},"loc":{"start":{"line":10,"column":34},"end":{"line":17,"column":1}},"line":10}},"branchMap":{},"s":{"0":1,"1":1,"2":12,"3":12,"4":12,"5":0,"6":1},"f":{"0":12},"b":{},"_coverageSchema":"1a1c01bbd47fc00a2c39e90264f33305004495a9","hash":"a3a48bcee78f6da2eaeeebddfce571f4a7dd269c"}
}
