TN:
SF:controllers\findDentalClinics.js
FN:14,(anonymous_0)
FNF:1
FNH:1
FNDA:6,(anonymous_0)
DA:11,1
DA:12,1
DA:14,1
DA:15,6
DA:19,6
DA:21,6
DA:22,4
DA:24,6
DA:25,6
DA:27,6
DA:29,60
DA:30,60
DA:31,60
DA:32,60
DA:33,60
DA:36,60
DA:37,60
DA:39,60
DA:40,37
DA:45,60
DA:49,40
DA:54,60
DA:59,6
DA:61,60
DA:62,7
DA:66,6
DA:69,1
LF:27
LH:27
BRDA:19,0,0,0
BRDA:19,0,1,6
BRDA:21,1,0,4
BRDA:21,1,1,2
BRDA:39,2,0,37
BRDA:39,2,1,23
BRDA:39,3,0,60
BRDA:39,3,1,40
BRDA:45,4,0,40
BRDA:45,4,1,20
BRDA:46,5,0,60
BRDA:46,5,1,50
BRDA:54,6,0,6
BRDA:54,6,1,54
BRDA:55,7,0,60
BRDA:55,7,1,40
BRDA:55,7,2,34
BRDA:61,8,0,7
BRDA:61,8,1,53
BRDA:61,9,0,60
BRDA:61,9,1,54
BRDA:61,9,2,15
BRF:22
BRH:21
end_of_record
TN:
SF:controllers\findVetClinics.js
FN:14,(anonymous_0)
FNF:1
FNH:1
FNDA:6,(anonymous_0)
DA:11,1
DA:12,1
DA:14,1
DA:15,6
DA:19,6
DA:21,6
DA:22,6
DA:24,6
DA:25,3
DA:27,6
DA:28,30
DA:29,30
DA:30,30
DA:31,30
DA:32,30
DA:35,30
DA:36,30
DA:38,30
DA:39,19
DA:42,30
DA:46,15
DA:50,30
DA:55,9
DA:57,30
DA:58,5
DA:61,6
DA:64,1
LF:27
LH:27
BRDA:19,0,0,0
BRDA:19,0,1,6
BRDA:24,1,0,3
BRDA:24,1,1,3
BRDA:38,2,0,19
BRDA:38,2,1,11
BRDA:38,3,0,30
BRDA:38,3,1,25
BRDA:42,4,0,15
BRDA:42,4,1,15
BRDA:43,5,0,30
BRDA:43,5,1,20
BRDA:50,6,0,9
BRDA:50,6,1,21
BRDA:51,7,0,30
BRDA:51,7,1,15
BRDA:51,7,2,6
BRDA:57,8,0,5
BRDA:57,8,1,25
BRDA:57,9,0,30
BRDA:57,9,1,21
BRDA:57,9,2,10
BRF:22
BRH:21
end_of_record
TN:
SF:controllers\utils\convertTime.js
FN:10,(anonymous_0)
FNF:1
FNH:1
FNDA:201,(anonymous_0)
DA:10,1
DA:11,201
DA:13,199
DA:14,199
DA:15,193
DA:16,193
DA:18,193
DA:19,6
DA:20,4
DA:22,4
DA:23,2
DA:26,1
LF:12
LH:12
BRDA:11,0,0,2
BRDA:11,0,1,199
BRDA:11,1,0,201
BRDA:11,1,1,200
BRDA:14,2,0,193
BRDA:14,2,1,6
BRDA:18,3,0,4
BRDA:18,3,1,189
BRDA:19,4,0,4
BRDA:19,4,1,2
BRDA:22,5,0,3
BRDA:22,5,1,1
BRF:12
BRH:12
end_of_record
TN:
SF:model\getClinics.js
FN:10,(anonymous_0)
FNF:1
FNH:1
FNDA:12,(anonymous_0)
DA:8,1
DA:10,1
DA:11,12
DA:12,12
DA:13,12
DA:15,0
DA:19,1
LF:7
LH:6
BRF:0
BRH:0
end_of_record
